{"/home/davi/UTF/Projeto-Final-Engenharia-de-Software/backend/src/modules/Order/OrderService.ts": {"path":"/home/davi/UTF/Projeto-Final-Engenharia-de-Software/backend/src/modules/Order/OrderService.ts","statementMap":{"0":{"start":{"line":6,"column":16},"end":{"line":6,"column":48}},"1":{"start":{"line":10,"column":8},"end":{"line":12,"column":9}},"2":{"start":{"line":11,"column":12},"end":{"line":11,"column":51}},"3":{"start":{"line":13,"column":8},"end":{"line":15,"column":9}},"4":{"start":{"line":14,"column":12},"end":{"line":14,"column":49}},"5":{"start":{"line":16,"column":8},"end":{"line":18,"column":9}},"6":{"start":{"line":17,"column":12},"end":{"line":17,"column":48}},"7":{"start":{"line":19,"column":25},"end":{"line":22,"column":null}},"8":{"start":{"line":23,"column":20},"end":{"line":23,"column":63}},"9":{"start":{"line":24,"column":21},"end":{"line":24,"column":30}},"10":{"start":{"line":25,"column":8},"end":{"line":27,"column":11}},"11":{"start":{"line":26,"column":12},"end":{"line":26,"column":88}},"12":{"start":{"line":28,"column":8},"end":{"line":28,"column":67}},"13":{"start":{"line":29,"column":8},"end":{"line":29,"column":21}},"14":{"start":{"line":33,"column":22},"end":{"line":33,"column":65}},"15":{"start":{"line":35,"column":8},"end":{"line":37,"column":9}},"16":{"start":{"line":36,"column":12},"end":{"line":36,"column":47}},"17":{"start":{"line":39,"column":8},"end":{"line":39,"column":21}},"18":{"start":{"line":43,"column":22},"end":{"line":43,"column":66}},"19":{"start":{"line":45,"column":8},"end":{"line":47,"column":9}},"20":{"start":{"line":46,"column":12},"end":{"line":46,"column":47}},"21":{"start":{"line":49,"column":8},"end":{"line":49,"column":21}},"22":{"start":{"line":53,"column":22},"end":{"line":53,"column":71}},"23":{"start":{"line":55,"column":8},"end":{"line":57,"column":9}},"24":{"start":{"line":56,"column":12},"end":{"line":56,"column":47}},"25":{"start":{"line":59,"column":8},"end":{"line":59,"column":82}},"26":{"start":{"line":63,"column":9},"end":{"line":63,"column":21}}},"fnMap":{"0":{"name":"(anonymous_0)","decl":{"start":{"line":5,"column":4},"end":{"line":5,"column":null}},"loc":{"start":{"line":6,"column":48},"end":{"line":7,"column":8}}},"1":{"name":"(anonymous_1)","decl":{"start":{"line":9,"column":4},"end":{"line":9,"column":9}},"loc":{"start":{"line":9,"column":26},"end":{"line":30,"column":5}}},"2":{"name":"(anonymous_2)","decl":{"start":{"line":25,"column":21},"end":{"line":25,"column":26}},"loc":{"start":{"line":25,"column":39},"end":{"line":27,"column":9}}},"3":{"name":"(anonymous_3)","decl":{"start":{"line":32,"column":4},"end":{"line":32,"column":9}},"loc":{"start":{"line":32,"column":29},"end":{"line":40,"column":5}}},"4":{"name":"(anonymous_4)","decl":{"start":{"line":42,"column":4},"end":{"line":42,"column":9}},"loc":{"start":{"line":42,"column":30},"end":{"line":50,"column":5}}},"5":{"name":"(anonymous_5)","decl":{"start":{"line":52,"column":4},"end":{"line":52,"column":9}},"loc":{"start":{"line":52,"column":54},"end":{"line":60,"column":5}}}},"branchMap":{"0":{"loc":{"start":{"line":10,"column":8},"end":{"line":12,"column":9}},"type":"if","locations":[{"start":{"line":10,"column":8},"end":{"line":12,"column":9}}]},"1":{"loc":{"start":{"line":13,"column":8},"end":{"line":15,"column":9}},"type":"if","locations":[{"start":{"line":13,"column":8},"end":{"line":15,"column":9}}]},"2":{"loc":{"start":{"line":16,"column":8},"end":{"line":18,"column":9}},"type":"if","locations":[{"start":{"line":16,"column":8},"end":{"line":18,"column":9}}]},"3":{"loc":{"start":{"line":35,"column":8},"end":{"line":37,"column":9}},"type":"if","locations":[{"start":{"line":35,"column":8},"end":{"line":37,"column":9}}]},"4":{"loc":{"start":{"line":45,"column":8},"end":{"line":47,"column":9}},"type":"if","locations":[{"start":{"line":45,"column":8},"end":{"line":47,"column":9}}]},"5":{"loc":{"start":{"line":55,"column":8},"end":{"line":57,"column":9}},"type":"if","locations":[{"start":{"line":55,"column":8},"end":{"line":57,"column":9}}]}},"s":{"0":5,"1":4,"2":1,"3":3,"4":1,"5":2,"6":1,"7":1,"8":1,"9":1,"10":1,"11":2,"12":1,"13":1,"14":1,"15":1,"16":0,"17":1,"18":0,"19":0,"20":0,"21":0,"22":2,"23":2,"24":0,"25":2,"26":1},"f":{"0":5,"1":4,"2":2,"3":1,"4":0,"5":2},"b":{"0":[1],"1":[1],"2":[1],"3":[0],"4":[0],"5":[0]}}
,"/home/davi/UTF/Projeto-Final-Engenharia-de-Software/backend/src/modules/Product/ProductService.ts": {"path":"/home/davi/UTF/Projeto-Final-Engenharia-de-Software/backend/src/modules/Product/ProductService.ts","statementMap":{"0":{"start":{"line":6,"column":16},"end":{"line":6,"column":52}},"1":{"start":{"line":10,"column":8},"end":{"line":10,"column":51}},"2":{"start":{"line":14,"column":8},"end":{"line":14,"column":49}},"3":{"start":{"line":18,"column":24},"end":{"line":18,"column":65}},"4":{"start":{"line":20,"column":8},"end":{"line":22,"column":9}},"5":{"start":{"line":21,"column":12},"end":{"line":21,"column":49}},"6":{"start":{"line":24,"column":8},"end":{"line":24,"column":23}},"7":{"start":{"line":28,"column":24},"end":{"line":28,"column":65}},"8":{"start":{"line":30,"column":8},"end":{"line":32,"column":9}},"9":{"start":{"line":31,"column":12},"end":{"line":31,"column":49}},"10":{"start":{"line":34,"column":8},"end":{"line":34,"column":49}},"11":{"start":{"line":35,"column":8},"end":{"line":35,"column":70}},"12":{"start":{"line":36,"column":8},"end":{"line":36,"column":52}},"13":{"start":{"line":37,"column":8},"end":{"line":37,"column":61}},"14":{"start":{"line":38,"column":8},"end":{"line":38,"column":70}},"15":{"start":{"line":39,"column":8},"end":{"line":39,"column":61}},"16":{"start":{"line":41,"column":8},"end":{"line":41,"column":58}},"17":{"start":{"line":45,"column":24},"end":{"line":45,"column":65}},"18":{"start":{"line":47,"column":8},"end":{"line":49,"column":9}},"19":{"start":{"line":48,"column":12},"end":{"line":48,"column":49}},"20":{"start":{"line":51,"column":8},"end":{"line":51,"column":39}},"21":{"start":{"line":52,"column":8},"end":{"line":52,"column":51}},"22":{"start":{"line":56,"column":9},"end":{"line":56,"column":23}}},"fnMap":{"0":{"name":"(anonymous_0)","decl":{"start":{"line":5,"column":4},"end":{"line":5,"column":null}},"loc":{"start":{"line":6,"column":52},"end":{"line":7,"column":8}}},"1":{"name":"(anonymous_1)","decl":{"start":{"line":9,"column":4},"end":{"line":9,"column":9}},"loc":{"start":{"line":9,"column":28},"end":{"line":11,"column":5}}},"2":{"name":"(anonymous_2)","decl":{"start":{"line":13,"column":4},"end":{"line":13,"column":9}},"loc":{"start":{"line":13,"column":22},"end":{"line":15,"column":5}}},"3":{"name":"(anonymous_3)","decl":{"start":{"line":17,"column":4},"end":{"line":17,"column":9}},"loc":{"start":{"line":17,"column":27},"end":{"line":25,"column":5}}},"4":{"name":"(anonymous_4)","decl":{"start":{"line":27,"column":4},"end":{"line":27,"column":9}},"loc":{"start":{"line":27,"column":32},"end":{"line":42,"column":5}}},"5":{"name":"(anonymous_5)","decl":{"start":{"line":44,"column":4},"end":{"line":44,"column":9}},"loc":{"start":{"line":44,"column":26},"end":{"line":53,"column":5}}}},"branchMap":{"0":{"loc":{"start":{"line":20,"column":8},"end":{"line":22,"column":9}},"type":"if","locations":[{"start":{"line":20,"column":8},"end":{"line":22,"column":9}}]},"1":{"loc":{"start":{"line":30,"column":8},"end":{"line":32,"column":9}},"type":"if","locations":[{"start":{"line":30,"column":8},"end":{"line":32,"column":9}}]},"2":{"loc":{"start":{"line":34,"column":23},"end":{"line":34,"column":48}},"type":"binary-expr","locations":[{"start":{"line":34,"column":23},"end":{"line":34,"column":32}},{"start":{"line":34,"column":36},"end":{"line":34,"column":48}}]},"3":{"loc":{"start":{"line":35,"column":30},"end":{"line":35,"column":69}},"type":"binary-expr","locations":[{"start":{"line":35,"column":30},"end":{"line":35,"column":46}},{"start":{"line":35,"column":50},"end":{"line":35,"column":69}}]},"4":{"loc":{"start":{"line":36,"column":24},"end":{"line":36,"column":51}},"type":"binary-expr","locations":[{"start":{"line":36,"column":24},"end":{"line":36,"column":34}},{"start":{"line":36,"column":38},"end":{"line":36,"column":51}}]},"5":{"loc":{"start":{"line":37,"column":27},"end":{"line":37,"column":60}},"type":"binary-expr","locations":[{"start":{"line":37,"column":27},"end":{"line":37,"column":40}},{"start":{"line":37,"column":44},"end":{"line":37,"column":60}}]},"6":{"loc":{"start":{"line":38,"column":30},"end":{"line":38,"column":69}},"type":"binary-expr","locations":[{"start":{"line":38,"column":30},"end":{"line":38,"column":46}},{"start":{"line":38,"column":50},"end":{"line":38,"column":69}}]},"7":{"loc":{"start":{"line":39,"column":27},"end":{"line":39,"column":60}},"type":"binary-expr","locations":[{"start":{"line":39,"column":27},"end":{"line":39,"column":40}},{"start":{"line":39,"column":44},"end":{"line":39,"column":60}}]},"8":{"loc":{"start":{"line":47,"column":8},"end":{"line":49,"column":9}},"type":"if","locations":[{"start":{"line":47,"column":8},"end":{"line":49,"column":9}}]}},"s":{"0":8,"1":1,"2":1,"3":2,"4":2,"5":1,"6":1,"7":2,"8":2,"9":1,"10":1,"11":1,"12":1,"13":1,"14":1,"15":1,"16":1,"17":2,"18":2,"19":1,"20":1,"21":1,"22":1},"f":{"0":8,"1":1,"2":1,"3":2,"4":2,"5":2},"b":{"0":[1],"1":[1],"2":[1,0],"3":[1,1],"4":[1,0],"5":[1,1],"6":[1,1],"7":[1,1],"8":[1]}}
}
