TN:
SF:src/modules/Order/OrderService.ts
FN:5,(anonymous_0)
FN:9,(anonymous_1)
FN:25,(anonymous_2)
FN:32,(anonymous_3)
FN:42,(anonymous_4)
FN:52,(anonymous_5)
FNF:6
FNH:5
FNDA:5,(anonymous_0)
FNDA:4,(anonymous_1)
FNDA:2,(anonymous_2)
FNDA:1,(anonymous_3)
FNDA:0,(anonymous_4)
FNDA:2,(anonymous_5)
DA:6,5
DA:10,4
DA:11,1
DA:13,3
DA:14,1
DA:16,2
DA:17,1
DA:19,1
DA:23,1
DA:24,1
DA:25,1
DA:26,2
DA:28,1
DA:29,1
DA:33,1
DA:35,1
DA:36,0
DA:39,1
DA:43,0
DA:45,0
DA:46,0
DA:49,0
DA:53,2
DA:55,2
DA:56,0
DA:59,2
DA:63,1
LF:27
LH:21
BRDA:10,0,0,1
BRDA:13,1,0,1
BRDA:16,2,0,1
BRDA:35,3,0,0
BRDA:45,4,0,0
BRDA:55,5,0,0
BRF:6
BRH:3
end_of_record
TN:
SF:src/modules/Product/ProductService.ts
FN:5,(anonymous_0)
FN:9,(anonymous_1)
FN:13,(anonymous_2)
FN:17,(anonymous_3)
FN:27,(anonymous_4)
FN:44,(anonymous_5)
FNF:6
FNH:6
FNDA:8,(anonymous_0)
FNDA:1,(anonymous_1)
FNDA:1,(anonymous_2)
FNDA:2,(anonymous_3)
FNDA:2,(anonymous_4)
FNDA:2,(anonymous_5)
DA:6,8
DA:10,1
DA:14,1
DA:18,2
DA:20,2
DA:21,1
DA:24,1
DA:28,2
DA:30,2
DA:31,1
DA:34,1
DA:35,1
DA:36,1
DA:37,1
DA:38,1
DA:39,1
DA:41,1
DA:45,2
DA:47,2
DA:48,1
DA:51,1
DA:52,1
DA:56,1
LF:23
LH:23
BRDA:20,0,0,1
BRDA:30,1,0,1
BRDA:34,2,0,1
BRDA:34,2,1,0
BRDA:35,3,0,1
BRDA:35,3,1,1
BRDA:36,4,0,1
BRDA:36,4,1,0
BRDA:37,5,0,1
BRDA:37,5,1,1
BRDA:38,6,0,1
BRDA:38,6,1,1
BRDA:39,7,0,1
BRDA:39,7,1,1
BRDA:47,8,0,1
BRF:15
BRH:13
end_of_record
